2022-11-18 01:10:08,013 :INFO :test_e2e :getting all the card titles
2022-11-18 01:10:08,050 :INFO :test_e2e :iphone X
2022-11-18 01:10:08,068 :INFO :test_e2e :Samsung Note 8
2022-11-18 01:10:08,086 :INFO :test_e2e :Nokia Edge
2022-11-18 01:10:08,105 :INFO :test_e2e :Blackberry
2022-11-18 01:10:08,372 :INFO :test_e2e :Entering country name as ind
2022-11-18 01:10:14,067 :INFO :test_e2e :Text received from application is ×
Success! Thank you! Your order will be delivered in next few weeks :-).
2022-11-18 01:10:20,744 :INFO :test_form_submission :first name is Pratik
2022-11-18 01:10:22,028 :INFO :test_form_submission :first name is Abhi
2022-11-18 01:10:22,028 :INFO :test_form_submission :first name is Abhi
2022-11-18 01:30:05,660 :INFO :test_form_submission :first name is Pratik
2022-11-18 01:30:06,766 :INFO :test_form_submission :first name is Abhi
2022-11-18 01:30:06,766 :INFO :test_form_submission :first name is Abhi
2022-11-18 01:30:30,120 :INFO :test_e2e :getting all the card titles
2022-11-18 01:30:30,165 :INFO :test_e2e :iphone X
2022-11-18 01:30:30,185 :INFO :test_e2e :Samsung Note 8
2022-11-18 01:30:30,204 :INFO :test_e2e :Nokia Edge
2022-11-18 01:30:30,221 :INFO :test_e2e :Blackberry
2022-11-18 01:30:30,504 :INFO :test_e2e :Entering country name as ind
2022-11-18 01:30:36,160 :INFO :test_e2e :Text received from application is ×
Success! Thank you! Your order will be delivered in next few weeks :-).
2022-11-18 01:41:46,748 :INFO :test_e2e :getting all the card titles
2022-11-18 01:41:46,784 :INFO :test_e2e :iphone X
2022-11-18 01:41:46,802 :INFO :test_e2e :Samsung Note 8
2022-11-18 01:41:46,820 :INFO :test_e2e :Nokia Edge
2022-11-18 01:41:46,838 :INFO :test_e2e :Blackberry
2022-11-18 01:41:47,091 :INFO :test_e2e :Entering country name as ind
2022-11-18 01:41:52,712 :INFO :test_e2e :Text received from application is ×
Success! Thank you! Your order will be delivered in next few weeks :-).
2022-11-18 01:42:01,633 :INFO :test_form_submission :first name is Pratik
2022-11-18 01:42:02,503 :INFO :test_form_submission :first name is Abhi
2022-11-18 01:42:02,503 :INFO :test_form_submission :first name is Abhi
2022-11-18 22:57:11,523 :INFO :test_e2e :getting all the card titles
2022-11-18 22:57:11,563 :INFO :test_e2e :iphone X
2022-11-18 22:57:11,583 :INFO :test_e2e :Samsung Note 8
2022-11-18 22:57:11,602 :INFO :test_e2e :Nokia Edge
2022-11-18 22:57:11,621 :INFO :test_e2e :Blackberry
2022-11-18 22:57:11,907 :INFO :test_e2e :Entering country name as ind
2022-11-18 22:57:17,471 :INFO :test_e2e :Text received from application is ×
Success! Thank you! Your order will be delivered in next few weeks :-).
2022-11-18 22:57:23,313 :INFO :test_form_submission :first name is Pratik
2022-11-18 22:57:24,287 :INFO :test_form_submission :first name is Abhi
2022-11-18 22:57:24,287 :INFO :test_form_submission :first name is Abhi
2022-11-18 23:04:09,064 :INFO :test_e2e :getting all the card titles
2022-11-18 23:04:09,117 :INFO :test_e2e :iphone X
2022-11-18 23:04:09,136 :INFO :test_e2e :Samsung Note 8
2022-11-18 23:04:09,164 :INFO :test_e2e :Nokia Edge
2022-11-18 23:04:09,191 :INFO :test_e2e :Blackberry
2022-11-18 23:04:09,709 :INFO :test_e2e :Entering country name as ind
2022-11-18 23:04:15,550 :INFO :test_e2e :Text received from application is ×
Success! Thank you! Your order will be delivered in next few weeks :-).
2022-11-18 23:04:20,533 :INFO :test_form_submission :first name is Pratik
2022-11-18 23:04:21,522 :INFO :test_form_submission :first name is Abhi
2022-11-18 23:04:21,522 :INFO :test_form_submission :first name is Abhi
2022-11-18 23:15:53,535 :INFO :test_e2e :getting all the card titles
2022-11-18 23:15:53,574 :INFO :test_e2e :iphone X
2022-11-18 23:15:53,594 :INFO :test_e2e :Samsung Note 8
2022-11-18 23:15:53,614 :INFO :test_e2e :Nokia Edge
2022-11-18 23:15:53,634 :INFO :test_e2e :Blackberry
2022-11-18 23:15:53,922 :INFO :test_e2e :Entering country name as ind
2022-11-18 23:15:59,652 :INFO :test_e2e :Text received from application is ×
Success! Thank you! Your order will be delivered in next few weeks :-).
2022-11-18 23:16:21,592 :INFO :test_form_submission :first name is Pratik
2022-11-18 23:16:22,536 :INFO :test_form_submission :first name is Abhi
2022-11-18 23:16:22,536 :INFO :test_form_submission :first name is Abhi
2022-11-18 23:18:50,766 :INFO :test_e2e :getting all the card titles
2022-11-18 23:18:50,804 :INFO :test_e2e :iphone X
2022-11-18 23:18:50,823 :INFO :test_e2e :Samsung Note 8
2022-11-18 23:18:50,841 :INFO :test_e2e :Nokia Edge
2022-11-18 23:18:50,860 :INFO :test_e2e :Blackberry
2022-11-18 23:18:51,126 :INFO :test_e2e :Entering country name as ind
2022-11-18 23:18:56,777 :INFO :test_e2e :Text received from application is ×
Success! Thank you! Your order will be delivered in next few weeks :-).
2022-11-18 23:19:17,781 :INFO :test_form_submission :first name is Pratik
2022-11-18 23:19:18,769 :INFO :test_form_submission :first name is Abhi
2022-11-18 23:19:18,769 :INFO :test_form_submission :first name is Abhi
2022-11-18 23:29:31,632 :INFO :test_e2e :getting all the card titles
2022-11-18 23:29:32,200 :INFO :test_e2e :iphone X
2022-11-18 23:29:32,229 :INFO :test_e2e :Samsung Note 8
2022-11-18 23:29:32,236 :INFO :test_e2e :Nokia Edge
2022-11-18 23:29:32,244 :INFO :test_e2e :Blackberry
2022-11-18 23:29:33,694 :INFO :test_e2e :Entering country name as ind
2022-11-18 23:29:39,742 :INFO :test_e2e :Text received from application is ×
Success! Thank you! Your order will be delivered in next few weeks :-).
2022-11-18 23:29:54,369 :INFO :test_form_submission :first name is Pratik
2022-11-18 23:29:55,979 :INFO :test_form_submission :first name is Abhi
2022-11-18 23:29:55,979 :INFO :test_form_submission :first name is Abhi
2022-11-18 23:47:25,757 :INFO :test_e2e :getting all the card titles
2022-11-18 23:47:25,830 :INFO :test_e2e :iphone X
2022-11-18 23:47:25,880 :INFO :test_e2e :Samsung Note 8
2022-11-18 23:47:25,982 :INFO :test_e2e :Nokia Edge
2022-11-18 23:47:26,043 :INFO :test_e2e :Blackberry
2022-11-18 23:47:26,543 :INFO :test_e2e :Entering country name as ind
2022-11-18 23:47:32,401 :INFO :test_e2e :Text received from application is ×
Success! Thank you! Your order will be delivered in next few weeks :-).
2022-11-18 23:47:38,822 :INFO :test_form_submission :first name is Pratik
2022-11-18 23:47:41,758 :INFO :test_form_submission :first name is Abhi
2022-11-18 23:47:41,758 :INFO :test_form_submission :first name is Abhi
2022-11-19 00:21:58,398 :INFO :test_e2e :getting all the card titles
2022-11-19 00:21:58,438 :INFO :test_e2e :iphone X
2022-11-19 00:21:58,458 :INFO :test_e2e :Samsung Note 8
2022-11-19 00:21:58,477 :INFO :test_e2e :Nokia Edge
2022-11-19 00:21:58,497 :INFO :test_e2e :Blackberry
2022-11-19 00:21:58,766 :INFO :test_e2e :Entering country name as ind
2022-11-19 00:22:04,358 :INFO :test_e2e :Text received from application is ×
Success! Thank you! Your order will be delivered in next few weeks :-).
2022-11-19 00:22:09,482 :INFO :test_form_submission :first name is Pratik
2022-11-19 00:22:10,427 :INFO :test_form_submission :first name is Abhi
2022-11-19 00:22:10,427 :INFO :test_form_submission :first name is Abhi
2022-11-19 01:00:21,718 :INFO :test_e2e :getting all the card titles
2022-11-19 01:00:21,788 :INFO :test_e2e :iphone X
2022-11-19 01:00:21,841 :INFO :test_e2e :Samsung Note 8
2022-11-19 01:00:21,900 :INFO :test_e2e :Nokia Edge
2022-11-19 01:00:21,935 :INFO :test_e2e :Blackberry
2022-11-19 01:00:22,269 :INFO :test_e2e :Entering country name as ind
2022-11-19 01:00:27,948 :INFO :test_e2e :Text received from application is ×
Success! Thank you! Your order will be delivered in next few weeks :-).
2022-11-19 01:00:49,717 :INFO :test_form_submission :first name is Pratik
2022-11-19 01:00:50,603 :INFO :test_form_submission :first name is Abhi
2022-11-19 01:00:50,603 :INFO :test_form_submission :first name is Abhi
2022-11-19 01:45:09,534 :INFO :test_e2e :getting all the card titles
2022-11-19 01:45:09,604 :INFO :test_e2e :iphone X
2022-11-19 01:45:09,624 :INFO :test_e2e :Samsung Note 8
2022-11-19 01:45:09,642 :INFO :test_e2e :Nokia Edge
2022-11-19 01:45:09,660 :INFO :test_e2e :Blackberry
2022-11-19 01:45:09,926 :INFO :test_e2e :Entering country name as ind
2022-11-19 01:45:15,512 :INFO :test_e2e :Text received from application is ×
Success! Thank you! Your order will be delivered in next few weeks :-).
2022-11-19 01:45:21,157 :INFO :test_form_submission :first name is Pratik
2022-11-19 01:45:22,169 :INFO :test_form_submission :first name is Abhi
2022-11-19 01:45:22,169 :INFO :test_form_submission :first name is Abhi
2022-11-19 01:50:09,097 :INFO :test_e2e :getting all the card titles
2022-11-19 01:50:09,133 :INFO :test_e2e :iphone X
2022-11-19 01:50:09,151 :INFO :test_e2e :Samsung Note 8
2022-11-19 01:50:09,169 :INFO :test_e2e :Nokia Edge
2022-11-19 01:50:09,187 :INFO :test_e2e :Blackberry
2022-11-19 01:50:09,457 :INFO :test_e2e :Entering country name as ind
2022-11-19 01:50:15,120 :INFO :test_e2e :Text received from application is ×
Success! Thank you! Your order will be delivered in next few weeks :-).
2022-11-19 01:50:35,262 :INFO :test_form_submission :first name is Pratik
2022-11-19 01:50:36,256 :INFO :test_form_submission :first name is Abhi
2022-11-19 01:50:36,256 :INFO :test_form_submission :first name is Abhi
2022-11-19 23:14:25,919 :INFO :test_form_submission :first name is pratik
2022-11-19 23:15:31,719 :INFO :test_form_submission :first name is pratik
2022-11-19 23:17:46,897 :INFO :test_form_submission :first name is pratik
2022-11-19 23:24:48,445 :INFO :test_form_submission :first name is pratik
2022-11-19 23:33:43,212 :INFO :test_form_submission :first name is pratik
2022-11-19 23:38:03,572 :INFO :test_form_submission :first name is pratik
2022-11-19 23:40:34,435 :INFO :test_form_submission :first name is pratik
2022-11-19 23:42:51,884 :INFO :test_form_submission :first name is abhi
2022-11-19 23:45:56,290 :INFO :test_form_submission :first name is abhi
2022-11-19 23:47:11,042 :INFO :test_form_submission :first name is abhi
2022-11-19 23:47:52,877 :INFO :test_form_submission :first name is pratik
